Release 14.7 - xst P.20131013 (lin64)
Copyright (c) 1995-2013 Xilinx, Inc.  All rights reserved.
--> 
Parameter TMPDIR set to xst/projnav.tmp


Total REAL time to Xst completion: 1.00 secs
Total CPU time to Xst completion: 0.04 secs
 
--> 
Parameter xsthdpdir set to xst


Total REAL time to Xst completion: 1.00 secs
Total CPU time to Xst completion: 0.04 secs
 
--> 
Reading design: global.prj

TABLE OF CONTENTS
  1) Synthesis Options Summary
  2) HDL Parsing
  3) HDL Elaboration
  4) HDL Synthesis
       4.1) HDL Synthesis Report
  5) Advanced HDL Synthesis
       5.1) Advanced HDL Synthesis Report
  6) Low Level Synthesis
  7) Partition Report
  8) Design Summary
       8.1) Primitive and Black Box Usage
       8.2) Device utilization summary
       8.3) Partition Resource Summary
       8.4) Timing Report
            8.4.1) Clock Information
            8.4.2) Asynchronous Control Signals Information
            8.4.3) Timing Summary
            8.4.4) Timing Details
            8.4.5) Cross Clock Domains Report


=========================================================================
*                      Synthesis Options Summary                        *
=========================================================================
---- Source Parameters
Input File Name                    : "global.prj"
Ignore Synthesis Constraint File   : NO

---- Target Parameters
Output File Name                   : "global"
Output Format                      : NGC
Target Device                      : xc7z010-1-clg400

---- Source Options
Top Module Name                    : global
Automatic FSM Extraction           : YES
FSM Encoding Algorithm             : Auto
Safe Implementation                : No
FSM Style                          : LUT
RAM Extraction                     : Yes
RAM Style                          : Auto
ROM Extraction                     : Yes
Shift Register Extraction          : YES
ROM Style                          : Auto
Resource Sharing                   : YES
Asynchronous To Synchronous        : NO
Shift Register Minimum Size        : 2
Use DSP Block                      : Auto
Automatic Register Balancing       : No

---- Target Options
LUT Combining                      : Auto
Reduce Control Sets                : Auto
Add IO Buffers                     : YES
Global Maximum Fanout              : 100000
Add Generic Clock Buffer(BUFG)     : 32
Register Duplication               : YES
Optimize Instantiated Primitives   : NO
Use Clock Enable                   : Auto
Use Synchronous Set                : Auto
Use Synchronous Reset              : Auto
Pack IO Registers into IOBs        : Auto
Equivalent register Removal        : YES

---- General Options
Optimization Goal                  : Speed
Optimization Effort                : 1
Power Reduction                    : NO
Keep Hierarchy                     : No
Netlist Hierarchy                  : As_Optimized
RTL Output                         : Yes
Global Optimization                : AllClockNets
Read Cores                         : YES
Write Timing Constraints           : NO
Cross Clock Analysis               : NO
Hierarchy Separator                : /
Bus Delimiter                      : <>
Case Specifier                     : Maintain
Slice Utilization Ratio            : 100
BRAM Utilization Ratio             : 100
DSP48 Utilization Ratio            : 100
Auto BRAM Packing                  : NO
Slice Utilization Ratio Delta      : 5

=========================================================================


=========================================================================
*                          HDL Parsing                                  *
=========================================================================
Parsing VHDL file "/user/1/.base/checchio/home/Documents/tp_archi/TP2/src_etd/vhd/lfsr.vhd" into library work
Parsing entity <lfsr>.
Parsing architecture <mixte> of entity <lfsr>.
Parsing VHDL file "/user/1/.base/checchio/home/Documents/tp_archi/TP2/src_etd/vhd/basc_d.vhd" into library work
Parsing entity <basc_D>.
Parsing architecture <behavioral> of entity <basc_d>.
Parsing VHDL file "/user/1/.base/checchio/home/Documents/tp_archi/TP2/src_etd/vhd/auto.vhd" into library work
Parsing entity <auto>.
Parsing architecture <structural> of entity <auto>.
Parsing VHDL file "/user/1/.base/checchio/home/Documents/tp_archi/TP2/src_etd/vhd/global.vhd" into library work
Parsing entity <global>.
Parsing architecture <structural> of entity <global>.

=========================================================================
*                            HDL Elaboration                            *
=========================================================================

Elaborating entity <global> (architecture <structural>) from library <work>.

Elaborating entity <auto> (architecture <structural>) from library <work>.

Elaborating entity <basc_D> (architecture <behavioral>) from library <work>.

Elaborating entity <lfsr> (architecture <mixte>) from library <work>.

=========================================================================
*                           HDL Synthesis                               *
=========================================================================

Synthesizing Unit <global>.
    Related source file is "/user/1/.base/checchio/home/Documents/tp_archi/TP2/src_etd/vhd/global.vhd".
    Summary:
	no macro.
Unit <global> synthesized.

Synthesizing Unit <auto>.
    Related source file is "/user/1/.base/checchio/home/Documents/tp_archi/TP2/src_etd/vhd/auto.vhd".
INFO:Xst:3210 - "/user/1/.base/checchio/home/Documents/tp_archi/TP2/src_etd/vhd/auto.vhd" line 25: Output port <qb> of the instance <FD0> is unconnected or connected to loadless signal.
INFO:Xst:3210 - "/user/1/.base/checchio/home/Documents/tp_archi/TP2/src_etd/vhd/auto.vhd" line 34: Output port <qb> of the instance <FD1> is unconnected or connected to loadless signal.
INFO:Xst:3210 - "/user/1/.base/checchio/home/Documents/tp_archi/TP2/src_etd/vhd/auto.vhd" line 43: Output port <qb> of the instance <FD2> is unconnected or connected to loadless signal.
    Summary:
	no macro.
Unit <auto> synthesized.

Synthesizing Unit <basc_D>.
    Related source file is "/user/1/.base/checchio/home/Documents/tp_archi/TP2/src_etd/vhd/basc_d.vhd".
    Found 1-bit register for signal <val>.
    Summary:
	inferred   1 D-type flip-flop(s).
Unit <basc_D> synthesized.

Synthesizing Unit <lfsr>.
    Related source file is "/user/1/.base/checchio/home/Documents/tp_archi/TP2/src_etd/vhd/lfsr.vhd".
INFO:Xst:3210 - "/user/1/.base/checchio/home/Documents/tp_archi/TP2/src_etd/vhd/lfsr.vhd" line 68: Output port <qb> of the instance <FD3> is unconnected or connected to loadless signal.
INFO:Xst:3210 - "/user/1/.base/checchio/home/Documents/tp_archi/TP2/src_etd/vhd/lfsr.vhd" line 84: Output port <qb> of the instance <FD2> is unconnected or connected to loadless signal.
INFO:Xst:3210 - "/user/1/.base/checchio/home/Documents/tp_archi/TP2/src_etd/vhd/lfsr.vhd" line 90: Output port <qb> of the instance <FD1> is unconnected or connected to loadless signal.
INFO:Xst:3210 - "/user/1/.base/checchio/home/Documents/tp_archi/TP2/src_etd/vhd/lfsr.vhd" line 96: Output port <qb> of the instance <FD0> is unconnected or connected to loadless signal.
    Summary:
Unit <lfsr> synthesized.

=========================================================================
HDL Synthesis Report

Macro Statistics
# Registers                                            : 7
 1-bit register                                        : 7
# Xors                                                 : 1
 1-bit xor2                                            : 1

=========================================================================

=========================================================================
*                       Advanced HDL Synthesis                          *
=========================================================================


=========================================================================
Advanced HDL Synthesis Report

Macro Statistics
# Registers                                            : 7
 Flip-Flops                                            : 7
# Xors                                                 : 1
 1-bit xor2                                            : 1

=========================================================================

=========================================================================
*                         Low Level Synthesis                           *
=========================================================================

Optimizing unit <global> ...

Mapping all equations...
Building and optimizing final netlist ...
Found area constraint ratio of 100 (+ 5) on block global, actual ratio is 0.

Final Macro Processing ...

=========================================================================
Final Register Report

Macro Statistics
# Registers                                            : 7
 Flip-Flops                                            : 7

=========================================================================

=========================================================================
*                           Partition Report                            *
=========================================================================

Partition Implementation Status
-------------------------------

  No Partitions were found in this design.

-------------------------------

=========================================================================
*                            Design Summary                             *
=========================================================================

Top Level Output File Name         : global.ngc

Primitive and Black Box Usage:
------------------------------
# BELS                             : 5
#      INV                         : 1
#      LUT2                        : 1
#      LUT3                        : 2
#      LUT4                        : 1
# FlipFlops/Latches                : 7
#      FDC                         : 7
# Clock Buffers                    : 1
#      BUFGP                       : 1
# IO Buffers                       : 2
#      IBUF                        : 1
#      OBUF                        : 1

Device utilization summary:
---------------------------

Selected Device : 7z010clg400-1 


Slice Logic Utilization: 
 Number of Slice Registers:               7  out of  35200     0%  
 Number of Slice LUTs:                    5  out of  17600     0%  
    Number used as Logic:                 5  out of  17600     0%  

Slice Logic Distribution: 
 Number of LUT Flip Flop pairs used:     12
   Number with an unused Flip Flop:       5  out of     12    41%  
   Number with an unused LUT:             7  out of     12    58%  
   Number of fully used LUT-FF pairs:     0  out of     12     0%  
   Number of unique control sets:         1

IO Utilization: 
 Number of IOs:                           3
 Number of bonded IOBs:                   3  out of    100     3%  

Specific Feature Utilization:
 Number of BUFG/BUFGCTRLs:                1  out of     32     3%  

---------------------------
Partition Resource Summary:
---------------------------

  No Partitions were found in this design.

---------------------------


=========================================================================
Timing Report

NOTE: THESE TIMING NUMBERS ARE ONLY A SYNTHESIS ESTIMATE.
      FOR ACCURATE TIMING INFORMATION PLEASE REFER TO THE TRACE REPORT
      GENERATED AFTER PLACE-and-ROUTE.

Clock Information:
------------------
-----------------------------------+------------------------+-------+
Clock Signal                       | Clock buffer(FF name)  | Load  |
-----------------------------------+------------------------+-------+
clk                                | BUFGP                  | 7     |
-----------------------------------+------------------------+-------+

Asynchronous Control Signals Information:
----------------------------------------
No asynchronous control signals found in this design

Timing Summary:
---------------
Speed Grade: -1

   Minimum period: 1.158ns (Maximum Frequency: 863.558MHz)
   Minimum input arrival time before clock: 0.764ns
   Maximum output required time after clock: 0.687ns
   Maximum combinational path delay: No path found

Timing Details:
---------------
All values displayed in nanoseconds (ns)

=========================================================================
Timing constraint: Default period analysis for Clock 'clk'
  Clock period: 1.158ns (frequency: 863.558MHz)
  Total number of paths / destination ports: 15 / 7
-------------------------------------------------------------------------
Delay:               1.158ns (Levels of Logic = 1)
  Source:            LFS/FD3/val (FF)
  Destination:       LFS/FD2/val (FF)
  Source Clock:      clk rising
  Destination Clock: clk rising

  Data Path: LFS/FD3/val to LFS/FD2/val
                                Gate     Net
    Cell:in->out      fanout   Delay   Delay  Logical Name (Net Name)
    ----------------------------------------  ------------
     FDC:C->Q              1   0.282   0.399  LFS/FD3/val (LFS/FD3/val)
     INV:I->O              1   0.067   0.399  LFS/FD3/qb1_INV_0 (LFS/FD3/qb)
     FDC:D                     0.011          LFS/FD2/val
    ----------------------------------------
    Total                      1.158ns (0.360ns logic, 0.798ns route)
                                       (31.1% logic, 68.9% route)

=========================================================================
Timing constraint: Default OFFSET IN BEFORE for Clock 'clk'
  Total number of paths / destination ports: 7 / 7
-------------------------------------------------------------------------
Offset:              0.764ns (Levels of Logic = 1)
  Source:            reset (PAD)
  Destination:       LFS/FD3/val (FF)
  Destination Clock: clk rising

  Data Path: reset to LFS/FD3/val
                                Gate     Net
    Cell:in->out      fanout   Delay   Delay  Logical Name (Net Name)
    ----------------------------------------  ------------
     IBUF:I->O             7   0.000   0.439  reset_IBUF (reset_IBUF)
     FDC:CLR                   0.325          LFS/FD0/val
    ----------------------------------------
    Total                      0.764ns (0.325ns logic, 0.439ns route)
                                       (42.5% logic, 57.5% route)

=========================================================================
Timing constraint: Default OFFSET OUT AFTER for Clock 'clk'
  Total number of paths / destination ports: 1 / 1
-------------------------------------------------------------------------
Offset:              0.687ns (Levels of Logic = 1)
  Source:            AUT/FD2/val (FF)
  Destination:       s (PAD)
  Source Clock:      clk rising

  Data Path: AUT/FD2/val to s
                                Gate     Net
    Cell:in->out      fanout   Delay   Delay  Logical Name (Net Name)
    ----------------------------------------  ------------
     FDC:C->Q              2   0.282   0.405  AUT/FD2/val (AUT/FD2/val)
     OBUF:I->O                 0.000          s_OBUF (s)
    ----------------------------------------
    Total                      0.687ns (0.282ns logic, 0.405ns route)
                                       (41.0% logic, 59.0% route)

=========================================================================

Cross Clock Domains Report:
--------------------------

Clock to Setup on destination clock clk
---------------+---------+---------+---------+---------+
               | Src:Rise| Src:Fall| Src:Rise| Src:Fall|
Source Clock   |Dest:Rise|Dest:Rise|Dest:Fall|Dest:Fall|
---------------+---------+---------+---------+---------+
clk            |    1.158|         |         |         |
---------------+---------+---------+---------+---------+

=========================================================================


Total REAL time to Xst completion: 8.00 secs
Total CPU time to Xst completion: 6.86 secs
 
--> 


Total memory usage is 610936 kilobytes

Number of errors   :    0 (   0 filtered)
Number of warnings :    0 (   0 filtered)
Number of infos    :    7 (   0 filtered)

